2026-03-23 09:46:13,233 - INFO - Starting training on cpu
2026-03-23 09:46:13,235 - INFO - Training on 25 identities.
2026-03-23 09:46:48,276 - INFO - Epoch [1] completed in 34.86s, Average Loss: 3.6181
2026-03-23 09:57:20,084 - INFO - Starting training on cpu
2026-03-23 09:57:20,085 - INFO - Training on 25 identities.
2026-03-23 09:57:53,912 - INFO - Epoch [1] completed in 33.64s, Average Loss: 3.6181
2026-03-23 09:58:29,096 - INFO - Epoch [2] completed in 33.86s, Average Loss: 3.5263
2026-03-23 09:59:04,354 - INFO - Epoch [3] completed in 33.74s, Average Loss: 3.4455
2026-03-23 09:59:39,908 - INFO - Epoch [4] completed in 34.26s, Average Loss: 3.3431
2026-03-23 10:00:15,380 - INFO - Epoch [5] completed in 34.29s, Average Loss: 3.2531
2026-03-23 10:00:51,348 - INFO - Epoch [6] completed in 34.59s, Average Loss: 3.1653
2026-03-23 10:01:26,938 - INFO - Epoch [7] completed in 34.36s, Average Loss: 3.0929
2026-03-23 10:02:02,882 - INFO - Epoch [8] completed in 34.69s, Average Loss: 3.0396
2026-03-23 10:02:39,173 - INFO - Epoch [9] completed in 35.09s, Average Loss: 2.9927
2026-03-23 10:03:15,218 - INFO - Epoch [10] completed in 34.89s, Average Loss: 2.9476
2026-03-23 10:03:52,844 - INFO - Epoch [11] completed in 36.49s, Average Loss: 2.9098
2026-03-23 10:04:28,209 - INFO - Epoch [12] completed in 34.15s, Average Loss: 2.8739
2026-03-23 10:05:03,756 - INFO - Epoch [13] completed in 34.41s, Average Loss: 2.8426
2026-03-23 10:05:39,688 - INFO - Epoch [14] completed in 34.53s, Average Loss: 2.8083
2026-03-23 10:06:14,959 - INFO - Epoch [15] completed in 34.03s, Average Loss: 2.7800
2026-03-23 10:06:51,540 - INFO - Epoch [16] completed in 35.28s, Average Loss: 2.7538
2026-03-23 10:07:27,343 - INFO - Epoch [17] completed in 34.60s, Average Loss: 2.7273
2026-03-23 10:08:02,709 - INFO - Epoch [18] completed in 34.11s, Average Loss: 2.7008
2026-03-23 10:08:38,390 - INFO - Epoch [19] completed in 34.32s, Average Loss: 2.6760
2026-03-23 10:09:13,906 - INFO - Epoch [20] completed in 34.21s, Average Loss: 2.6541
2026-03-23 10:09:49,519 - INFO - Epoch [21] completed in 34.40s, Average Loss: 2.6429
2026-03-23 10:10:24,888 - INFO - Epoch [22] completed in 34.00s, Average Loss: 2.6413
2026-03-23 10:11:00,662 - INFO - Epoch [23] completed in 34.58s, Average Loss: 2.6379
2026-03-23 10:11:36,244 - INFO - Epoch [24] completed in 34.33s, Average Loss: 2.6349
2026-03-23 10:12:12,702 - INFO - Epoch [25] completed in 35.24s, Average Loss: 2.6340
2026-03-23 10:12:50,018 - INFO - Epoch [26] completed in 36.27s, Average Loss: 2.6335
2026-03-23 10:13:26,580 - INFO - Epoch [27] completed in 35.23s, Average Loss: 2.6303
2026-03-23 10:14:02,261 - INFO - Epoch [28] completed in 34.53s, Average Loss: 2.6275
2026-03-23 10:14:37,558 - INFO - Epoch [29] completed in 34.03s, Average Loss: 2.6257
2026-03-23 10:15:13,237 - INFO - Epoch [30] completed in 34.37s, Average Loss: 2.6239
2026-03-23 10:15:48,484 - INFO - Epoch [31] completed in 34.17s, Average Loss: 2.6240
2026-03-23 10:16:24,224 - INFO - Epoch [32] completed in 35.01s, Average Loss: 2.6199
2026-03-23 10:17:01,207 - INFO - Epoch [33] completed in 35.35s, Average Loss: 2.6187
2026-03-23 10:17:37,234 - INFO - Epoch [34] completed in 34.54s, Average Loss: 2.6180
2026-03-23 10:18:12,407 - INFO - Epoch [35] completed in 34.01s, Average Loss: 2.6164
2026-03-23 10:18:48,028 - INFO - Epoch [36] completed in 34.15s, Average Loss: 2.6118
2026-03-23 10:19:23,574 - INFO - Epoch [37] completed in 34.28s, Average Loss: 2.6120
2026-03-23 10:19:59,862 - INFO - Epoch [38] completed in 35.65s, Average Loss: 2.6104
2026-03-23 10:20:35,364 - INFO - Epoch [39] completed in 34.17s, Average Loss: 2.6073
2026-03-23 10:21:13,389 - INFO - Epoch [40] completed in 36.47s, Average Loss: 2.6060
2026-03-23 10:21:49,031 - INFO - Epoch [41] completed in 34.39s, Average Loss: 2.6045
2026-03-23 10:22:24,682 - INFO - Epoch [42] completed in 34.33s, Average Loss: 2.6057
2026-03-23 10:22:59,253 - INFO - Epoch [43] completed in 33.80s, Average Loss: 2.6038
2026-03-23 10:23:34,978 - INFO - Epoch [44] completed in 34.07s, Average Loss: 2.6034
2026-03-23 10:24:10,684 - INFO - Epoch [45] completed in 34.24s, Average Loss: 2.6018
2026-03-23 10:24:46,567 - INFO - Epoch [46] completed in 34.35s, Average Loss: 2.6042
2026-03-23 10:25:21,824 - INFO - Epoch [47] completed in 34.53s, Average Loss: 2.6043
2026-03-23 10:25:57,676 - INFO - Epoch [48] completed in 34.80s, Average Loss: 2.6010
2026-03-23 18:24:37,903 - INFO - Starting training on cpu
2026-03-23 18:24:37,905 - INFO - Training on 25 identities.
2026-03-23 18:24:38,113 - INFO - Resuming from checkpoint: ./checkpoints/model_best.pth
2026-03-23 18:24:38,310 - INFO - Resuming from epoch 46
2026-03-23 18:25:12,737 - INFO - Epoch [46] completed in 34.43s, Average Loss: 2.6025
2026-03-23 18:25:48,421 - INFO - Epoch [47] completed in 34.98s, Average Loss: 2.6050
2026-03-23 18:26:23,237 - INFO - Epoch [48] completed in 33.81s, Average Loss: 2.6052
2026-03-23 18:26:57,945 - INFO - Epoch [49] completed in 34.02s, Average Loss: 2.6018
2026-03-23 18:27:33,332 - INFO - Epoch [50] completed in 34.35s, Average Loss: 2.6026
2026-03-23 18:27:34,129 - INFO - Training complete.
